<?xml version="1.0" encoding="UTF-8"?>
<!-- Generated by org.testng.reporters.JUnitReportReporter -->
<testsuite hostname="DESKTOP-NJQ6C4S" failures="0" tests="1" name="com.amazon.SearchTestCase" time="5.862" errors="0" timestamp="2021-04-15T16:42:48 IST" skipped="0">
  <testcase classname="com.amazon.SearchTestCase" name="searchBox" time="5.862"/>
  <system-out/>
</testsuite> <!-- com.amazon.SearchTestCase -->
